Arguments: 
  C:\Program Files\nodejs\node.exe C:\Program Files (x86)\Yarn\bin\yarn.js init

PATH: 
  C:\Program Files (x86)\Common Files\Oracle\Java\javapath;C:\windows\system32;C:\windows;C:\windows\System32\Wbem;C:\windows\System32\WindowsPowerShell\v1.0\;C:\windows\System32\OpenSSH\;C:\Program Files (x86)\Sennheiser\SoftphoneSDK\;C:\ProgramData\chocolatey\bin;C:\Program Files\Git\cmd;C:\Program Files\nodejs\;C:\Program Files (x86)\Yarn\bin\;C:\Users\arthur.wosniaki\AppData\Local\Microsoft\WindowsApps;;C:\Users\arthur.wosniaki\AppData\Local\Programs\Microsoft VS Code\bin;C:\Users\arthur.wosniaki\AppData\Roaming\npm;C:\Users\arthur.wosniaki\AppData\Local\Yarn\bin

Yarn version: 
  1.22.0

Node version: 
  13.9.0

Platform: 
  win32 x64

Trace: 
  Error: canceled
      at Interface.<anonymous> (C:\Program Files (x86)\Yarn\lib\cli.js:136987:13)
      at Interface.emit (events.js:321:20)
      at Interface._ttyWrite (readline.js:873:16)
      at ReadStream.onkeypress (readline.js:213:10)
      at ReadStream.emit (events.js:321:20)
      at emitKeys (internal/readline/utils.js:335:14)
      at emitKeys.next (<anonymous>)
      at ReadStream.onData (readline.js:1140:36)
      at ReadStream.emit (events.js:321:20)
      at addChunk (_stream_readable.js:297:12)

npm manifest: 
  No manifest

yarn manifest: 
  No manifest

Lockfile: 
  No lockfile
